<?xml version="1.0" encoding="UTF-8"?>
<!-- Generated by org.testng.reporters.JUnitXMLReporter -->
<testsuite ignored="0" hostname="DESKTOP-STLTQQF" failures="1" tests="1" name="Test" time="0.776" errors="0" timestamp="2022-05-26T18:13:31 IST">
  <testcase classname="com.vtiger.contactsTest.CreateContactTest" name="createContact" time="0.268">
    <failure type="java.lang.NullPointerException" message="Cannot invoke &amp;quot;org.apache.poi.ss.usermodel.Workbook.getSheet(String)&amp;quot; because &amp;quot;com.sdet34L1.genericUtility.ExcelUtility.wb&amp;quot; is null">
      <![CDATA[java.lang.NullPointerException: Cannot invoke "org.apache.poi.ss.usermodel.Workbook.getSheet(String)" because "com.sdet34L1.genericUtility.ExcelUtility.wb" is null
at com.sdet34L1.genericUtility.ExcelUtility.getDataFromExcel(ExcelUtility.java:32)
at com.vtiger.contactsTest.CreateContactTest.createContact(CreateContactTest.java:40)
at java.base/java.util.ArrayList.forEach(ArrayList.java:1511)
... Removed 27 stack frames]]>
    </failure>
  </testcase> <!-- createContact -->
</testsuite> <!-- Test -->
